<?xml version="1.0" encoding="UTF-8"?>
<!-- Generated by org.testng.reporters.JUnitXMLReporter -->
<testsuite ignored="0" hostname="DESKTOP-A5CHD3A" failures="0" tests="6" name="Default test" time="37.71" errors="0" timestamp="2024-04-02T18:21:47 IST">
  <testcase classname="testScripts.LoginTest" name="login_001" time="2.888"/>
  <testcase classname="testScripts.LoginTest" name="login_001" time="3.073"/>
  <testcase classname="testScripts.LoginTest" name="login_001" time="3.777"/>
  <testcase classname="testScripts.LoginTest" name="login_001" time="2.828"/>
  <testcase classname="testScripts.LoginTest" name="login_001" time="3.061"/>
  <testcase classname="testScripts.LoginTest" name="login_001" time="2.41"/>
</testsuite> <!-- Default test -->
