<?xml version="1.0" encoding="UTF-8"?>
<testng-results ignored="0" total="6" passed="6" failed="0" skipped="0">
  <reporter-output>
  </reporter-output>
  <suite started-at="2024-04-02T18:21:09 IST" name="Default suite" finished-at="2024-04-02T18:21:47 IST" duration-ms="37710">
    <groups>
    </groups>
    <test started-at="2024-04-02T18:21:09 IST" name="Default test" finished-at="2024-04-02T18:21:47 IST" duration-ms="37710">
      <class name="testScripts.LoginTest">
        <test-method is-config="true" signature="browserConfig()[pri:0, instance:testScripts.LoginTest@15043a2f]" started-at="2024-04-02T18:21:09 IST" name="browserConfig" finished-at="2024-04-02T18:21:15 IST" duration-ms="6032" status="PASS">
          <reporter-output>
          </reporter-output>
        </test-method> <!-- browserConfig -->
        <test-method is-config="true" signature="login()[pri:0, instance:testScripts.LoginTest@15043a2f]" started-at="2024-04-02T18:21:16 IST" name="login" finished-at="2024-04-02T18:21:18 IST" duration-ms="1916" status="PASS">
          <reporter-output>
          </reporter-output>
        </test-method> <!-- login -->
        <test-method signature="login_001(java.lang.String,java.lang.String)[pri:0, instance:testScripts.LoginTest@15043a2f]" started-at="2024-04-02T18:21:18 IST" name="login_001" data-provider="loginData" finished-at="2024-04-02T18:21:21 IST" duration-ms="2888" status="PASS">
          <params>
            <param index="0">
              <value>
                <![CDATA[mjeevan@gmail.com]]>
              </value>
            </param>
            <param index="1">
              <value>
                <![CDATA[mjeevan@samantha]]>
              </value>
            </param>
          </params>
          <reporter-output>
          </reporter-output>
        </test-method> <!-- login_001 -->
        <test-method is-config="true" signature="login()[pri:0, instance:testScripts.LoginTest@15043a2f]" started-at="2024-04-02T18:21:21 IST" name="login" finished-at="2024-04-02T18:21:23 IST" duration-ms="1712" status="PASS">
          <reporter-output>
          </reporter-output>
        </test-method> <!-- login -->
        <test-method signature="login_001(java.lang.String,java.lang.String)[pri:0, instance:testScripts.LoginTest@15043a2f]" started-at="2024-04-02T18:21:23 IST" name="login_001" data-provider="loginData" finished-at="2024-04-02T18:21:26 IST" duration-ms="3073" status="PASS">
          <params>
            <param index="0">
              <value>
                <![CDATA[mohanraj@gmail.com]]>
              </value>
            </param>
            <param index="1">
              <value>
                <![CDATA[mohanThamanna@143]]>
              </value>
            </param>
          </params>
          <reporter-output>
          </reporter-output>
        </test-method> <!-- login_001 -->
        <test-method is-config="true" signature="login()[pri:0, instance:testScripts.LoginTest@15043a2f]" started-at="2024-04-02T18:21:26 IST" name="login" finished-at="2024-04-02T18:21:28 IST" duration-ms="2436" status="PASS">
          <reporter-output>
          </reporter-output>
        </test-method> <!-- login -->
        <test-method signature="login_001(java.lang.String,java.lang.String)[pri:0, instance:testScripts.LoginTest@15043a2f]" started-at="2024-04-02T18:21:28 IST" name="login_001" data-provider="loginData" finished-at="2024-04-02T18:21:32 IST" duration-ms="3777" status="PASS">
          <params>
            <param index="0">
              <value>
                <![CDATA[maheshwari@gmail.com]]>
              </value>
            </param>
            <param index="1">
              <value>
                <![CDATA[maheshwari@1234]]>
              </value>
            </param>
          </params>
          <reporter-output>
          </reporter-output>
        </test-method> <!-- login_001 -->
        <test-method is-config="true" signature="login()[pri:0, instance:testScripts.LoginTest@15043a2f]" started-at="2024-04-02T18:21:32 IST" name="login" finished-at="2024-04-02T18:21:34 IST" duration-ms="1708" status="PASS">
          <reporter-output>
          </reporter-output>
        </test-method> <!-- login -->
        <test-method signature="login_001(java.lang.String,java.lang.String)[pri:0, instance:testScripts.LoginTest@15043a2f]" started-at="2024-04-02T18:21:34 IST" name="login_001" data-provider="loginData" finished-at="2024-04-02T18:21:37 IST" duration-ms="2828" status="PASS">
          <params>
            <param index="0">
              <value>
                <![CDATA[resh@gmail.com]]>
              </value>
            </param>
            <param index="1">
              <value>
                <![CDATA[reshmaSurya@143]]>
              </value>
            </param>
          </params>
          <reporter-output>
          </reporter-output>
        </test-method> <!-- login_001 -->
        <test-method is-config="true" signature="login()[pri:0, instance:testScripts.LoginTest@15043a2f]" started-at="2024-04-02T18:21:37 IST" name="login" finished-at="2024-04-02T18:21:39 IST" duration-ms="2370" status="PASS">
          <reporter-output>
          </reporter-output>
        </test-method> <!-- login -->
        <test-method signature="login_001(java.lang.String,java.lang.String)[pri:0, instance:testScripts.LoginTest@15043a2f]" started-at="2024-04-02T18:21:39 IST" name="login_001" data-provider="loginData" finished-at="2024-04-02T18:21:42 IST" duration-ms="3061" status="PASS">
          <params>
            <param index="0">
              <value>
                <![CDATA[saba@gmail.com]]>
              </value>
            </param>
            <param index="1">
              <value>
                <![CDATA[sharuks@yusrasaba]]>
              </value>
            </param>
          </params>
          <reporter-output>
          </reporter-output>
        </test-method> <!-- login_001 -->
        <test-method is-config="true" signature="login()[pri:0, instance:testScripts.LoginTest@15043a2f]" started-at="2024-04-02T18:21:42 IST" name="login" finished-at="2024-04-02T18:21:44 IST" duration-ms="1836" status="PASS">
          <reporter-output>
          </reporter-output>
        </test-method> <!-- login -->
        <test-method signature="login_001(java.lang.String,java.lang.String)[pri:0, instance:testScripts.LoginTest@15043a2f]" started-at="2024-04-02T18:21:44 IST" name="login_001" data-provider="loginData" finished-at="2024-04-02T18:21:46 IST" duration-ms="2410" status="PASS">
          <params>
            <param index="0">
              <value>
                <![CDATA[sowndharya]]>
              </value>
            </param>
            <param index="1">
              <value>
                <![CDATA[swd]]>
              </value>
            </param>
          </params>
          <reporter-output>
          </reporter-output>
        </test-method> <!-- login_001 -->
        <test-method is-config="true" signature="closeBrowser()[pri:0, instance:testScripts.LoginTest@15043a2f]" started-at="2024-04-02T18:21:46 IST" name="closeBrowser" finished-at="2024-04-02T18:21:47 IST" duration-ms="636" status="PASS">
          <reporter-output>
          </reporter-output>
        </test-method> <!-- closeBrowser -->
      </class> <!-- testScripts.LoginTest -->
    </test> <!-- Default test -->
  </suite> <!-- Default suite -->
</testng-results>
